<?xml version="1.0" encoding="UTF-8"?>
<!-- Generated by org.testng.reporters.JUnitReportReporter -->
<testsuite skipped="0" hostname="DESKTOP-UO2MRR8" name="com.Amazon.testCases.GettingSlideImageLinkCaseAmazon" tests="2" failures="0" timestamp="2022-08-28T14:10:49 IST" time="68.002" errors="0">
  <testcase name="SlideImageLinkValidation" time="65.600" classname="com.Amazon.testCases.GettingSlideImageLinkCaseAmazon"/>
  <system-out/>
  <testcase name="aloginCredentials" time="2.402" classname="com.Amazon.testCases.GettingSlideImageLinkCaseAmazon"/>
  <system-out/>
</testsuite> <!-- com.Amazon.testCases.GettingSlideImageLinkCaseAmazon -->
