<?xml version="1.0" encoding="UTF-8"?>
<!-- Generated by org.testng.reporters.JUnitReportReporter -->
<testsuite skipped="0" hostname="DESKTOP-UO2MRR8" name="com.Amazon.testCases.GoodsType" tests="3" failures="0" timestamp="2022-08-28T14:10:49 IST" time="81.127" errors="0">
  <testcase name="knowAllItems2" time="58.794" classname="com.Amazon.testCases.GoodsType"/>
  <system-out/>
  <testcase name="knowAllItems1" time="18.002" classname="com.Amazon.testCases.GoodsType"/>
  <system-out/>
  <testcase name="aloginCredentials" time="4.331" classname="com.Amazon.testCases.GoodsType"/>
  <system-out/>
</testsuite> <!-- com.Amazon.testCases.GoodsType -->
