<?xml version="1.0" encoding="UTF-8"?>
<!-- Generated by org.testng.reporters.JUnitReportReporter -->
<testsuite skipped="0" hostname="DESKTOP-UO2MRR8" name="com.Amazon.testCases.LoginCaseAmazon" tests="2" failures="0" timestamp="2022-08-29T17:40:42 IST" time="39.502" errors="0">
  <testcase name="enterUserCredentials" time="38.933" classname="com.Amazon.testCases.LoginCaseAmazon"/>
  <system-out/>
  <testcase name="newFailTestCase" time="0.569" classname="com.Amazon.testCases.LoginCaseAmazon"/>
  <system-out/>
</testsuite> <!-- com.Amazon.testCases.LoginCaseAmazon -->
