<?xml version="1.0" encoding="UTF-8"?>
<!-- Generated by org.testng.reporters.JUnitReportReporter -->
<testsuite skipped="0" hostname="DESKTOP-UO2MRR8" name="com.Amazon.testCases.CountriesDDCaseAmazon" tests="2" failures="0" timestamp="2022-08-29T15:47:53 IST" time="35.407" errors="0">
  <testcase name="getCountriesList" time="32.113" classname="com.Amazon.testCases.CountriesDDCaseAmazon"/>
  <system-out/>
  <testcase name="aloginCredentials" time="3.294" classname="com.Amazon.testCases.CountriesDDCaseAmazon"/>
  <system-out/>
</testsuite> <!-- com.Amazon.testCases.CountriesDDCaseAmazon -->
