<?xml version="1.0" encoding="UTF-8"?>
<!-- Generated by org.testng.reporters.JUnitReportReporter -->
<testsuite skipped="0" hostname="DESKTOP-UO2MRR8" name="com.Amazon.testCases.DDTSearchCaseAmazon" tests="9" failures="0" timestamp="2022-08-28T14:10:49 IST" time="110.424" errors="0">
  <testcase name="searchUsingDDT" time="18.816" classname="com.Amazon.testCases.DDTSearchCaseAmazon"/>
  <system-out/>
  <testcase name="searchUsingDDT" time="15.346" classname="com.Amazon.testCases.DDTSearchCaseAmazon"/>
  <system-out/>
  <testcase name="searchUsingDDT" time="10.639" classname="com.Amazon.testCases.DDTSearchCaseAmazon"/>
  <system-out/>
  <testcase name="searchUsingDDT" time="6.831" classname="com.Amazon.testCases.DDTSearchCaseAmazon"/>
  <system-out/>
  <testcase name="searchUsingDDT" time="8.851" classname="com.Amazon.testCases.DDTSearchCaseAmazon"/>
  <system-out/>
  <testcase name="searchUsingDDT" time="16.801" classname="com.Amazon.testCases.DDTSearchCaseAmazon"/>
  <system-out/>
  <testcase name="loginCredentials" time="2.946" classname="com.Amazon.testCases.DDTSearchCaseAmazon"/>
  <system-out/>
  <testcase name="searchUsingDDT" time="18.618" classname="com.Amazon.testCases.DDTSearchCaseAmazon"/>
  <system-out/>
  <testcase name="searchUsingDDT" time="11.576" classname="com.Amazon.testCases.DDTSearchCaseAmazon"/>
  <system-out/>
</testsuite> <!-- com.Amazon.testCases.DDTSearchCaseAmazon -->
